<?xml version="1.0" ?>
<coverage version="5.3" timestamp="1601850558593" lines-valid="19178" lines-covered="9642" line-rate="0.5028" branches-valid="7303" branches-covered="2177" branch-rate="0.2981" complexity="0">
	<!-- Generated by coverage.py: https://coverage.readthedocs.io -->
	<!-- Based on https://raw.githubusercontent.com/cobertura/web/master/htdocs/xml/coverage-04.dtd -->
	<sources>
		<source>/Users/aabur/Documents/GitHub/python-project-lvl2</source>
	</sources>
	<packages>
		<package name=".venv.lib.python3.8.site-packages" line-rate="0.7541" branch-rate="0.75" complexity="0">
			<classes>
				<class name="iniconfig.py" filename=".venv/lib/python3.8/site-packages/iniconfig.py" complexity="0" line-rate="0.7541" branch-rate="0.75">
					<methods/>
					<lines>
						<line number="4" hits="1"/>
						<line number="6" hits="1"/>
						<line number="9" hits="1"/>
						<line number="10" hits="1"/>
						<line number="11" hits="0"/>
						<line number="12" hits="0"/>
						<line number="13" hits="0"/>
						<line number="14" hits="0"/>
						<line number="16" hits="1"/>
						<line number="17" hits="0"/>
						<line number="20" hits="1"/>
						<line number="21" hits="1"/>
						<line number="22" hits="1"/>
						<line number="23" hits="1"/>
						<line number="25" hits="1"/>
						<line number="26" hits="0"/>
						<line number="28" hits="1"/>
						<line number="29" hits="0"/>
						<line number="32" hits="1"/>
						<line number="33" hits="1"/>
						<line number="35" hits="1"/>
						<line number="36" hits="1"/>
						<line number="38" hits="1"/>
						<line number="39" hits="1"/>
						<line number="40" hits="1" branch="true" condition-coverage="100% (2/2)"/>
						<line number="41" hits="1"/>
						<line number="43" hits="1"/>
						<line number="44" hits="1" branch="true" condition-coverage="100% (2/2)"/>
						<line number="45" hits="1"/>
						<line number="48" hits="1"/>
						<line number="49" hits="1"/>
						<line number="50" hits="1"/>
						<line number="51" hits="1" branch="true" condition-coverage="50% (1/2)" missing-branches="58"/>
						<line number="52" hits="1"/>
						<line number="53" hits="1"/>
						<line number="54" hits="1"/>
						<line number="56" hits="1"/>
						<line number="58" hits="0"/>
						<line number="60" hits="1"/>
						<line number="61" hits="1"/>
						<line number="63" hits="1" branch="true" condition-coverage="100% (2/2)"/>
						<line number="64" hits="1" branch="true" condition-coverage="50% (1/2)" missing-branches="65"/>
						<line number="65" hits="0"/>
						<line number="66" hits="1"/>
						<line number="67" hits="1" branch="true" condition-coverage="100% (2/2)"/>
						<line number="68" hits="1" branch="true" condition-coverage="50% (1/2)" missing-branches="69"/>
						<line number="69" hits="0"/>
						<line number="70" hits="1"/>
						<line number="72" hits="1" branch="true" condition-coverage="50% (1/2)" missing-branches="73"/>
						<line number="73" hits="0"/>
						<line number="74" hits="1"/>
						<line number="76" hits="1"/>
						<line number="77" hits="0"/>
						<line number="79" hits="1"/>
						<line number="80" hits="1"/>
						<line number="81" hits="1"/>
						<line number="82" hits="1" branch="true" condition-coverage="100% (2/2)"/>
						<line number="83" hits="1"/>
						<line number="85" hits="1" branch="true" condition-coverage="100% (2/2)"/>
						<line number="86" hits="1"/>
						<line number="88" hits="1" branch="true" condition-coverage="100% (2/2)"/>
						<line number="89" hits="1" branch="true" condition-coverage="50% (1/2)" missing-branches="90"/>
						<line number="90" hits="0"/>
						<line number="91" hits="1"/>
						<line number="92" hits="1"/>
						<line number="94" hits="1" branch="true" condition-coverage="100% (2/2)"/>
						<line number="95" hits="1" branch="true" condition-coverage="50% (1/2)" missing-branches="96"/>
						<line number="96" hits="0"/>
						<line number="97" hits="1"/>
						<line number="98" hits="1"/>
						<line number="99" hits="1" branch="true" condition-coverage="50% (1/2)" missing-branches="100"/>
						<line number="100" hits="0"/>
						<line number="102" hits="1" branch="true" condition-coverage="100% (2/2)"/>
						<line number="103" hits="1"/>
						<line number="104" hits="1"/>
						<line number="105" hits="1"/>
						<line number="107" hits="1"/>
						<line number="109" hits="1" branch="true" condition-coverage="100% (2/2)"/>
						<line number="110" hits="1"/>
						<line number="112" hits="1"/>
						<line number="113" hits="1" branch="true" condition-coverage="100% (2/2)"/>
						<line number="114" hits="1"/>
						<line number="116" hits="1" branch="true" condition-coverage="100% (2/2)"/>
						<line number="117" hits="1"/>
						<line number="118" hits="1" branch="true" condition-coverage="100% (2/2)"/>
						<line number="119" hits="1"/>
						<line number="120" hits="1" branch="true" condition-coverage="50% (1/2)" missing-branches="122"/>
						<line number="121" hits="1"/>
						<line number="122" hits="0"/>
						<line number="124" hits="1" branch="true" condition-coverage="100% (2/2)"/>
						<line number="125" hits="1"/>
						<line number="126" hits="1"/>
						<line number="127" hits="1" branch="true" condition-coverage="50% (1/2)" missing-branches="128"/>
						<line number="128" hits="0"/>
						<line number="129" hits="0"/>
						<line number="130" hits="0"/>
						<line number="131" hits="0"/>
						<line number="132" hits="0"/>
						<line number="133" hits="0"/>
						<line number="134" hits="1"/>
						<line number="137" hits="1"/>
						<line number="139" hits="1"/>
						<line number="140" hits="1"/>
						<line number="141" hits="1" branch="true" condition-coverage="50% (1/2)" missing-branches="exit"/>
						<line number="142" hits="1"/>
						<line number="144" hits="1"/>
						<line number="145" hits="0"/>
						<line number="146" hits="0"/>
						<line number="147" hits="0"/>
						<line number="148" hits="0"/>
						<line number="150" hits="1"/>
						<line number="151" hits="1" branch="true" condition-coverage="50% (1/2)" missing-branches="152"/>
						<line number="152" hits="0"/>
						<line number="153" hits="1"/>
						<line number="155" hits="1"/>
						<line number="156" hits="0" branch="true" condition-coverage="0% (0/2)" missing-branches="exit,157"/>
						<line number="157" hits="0"/>
						<line number="159" hits="1"/>
						<line number="160" hits="0"/>
						<line number="163" hits="1"/>
						<line number="164" hits="1"/>
						<line number="165" hits="1"/>
					</lines>
				</class>
			</classes>
		</package>
		<package name=".venv.lib.python3.8.site-packages._pytest" line-rate="0.5086" branch-rate="0.2771" complexity="0">
			<classes>
				<class name="__init__.py" filename=".venv/lib/python3.8/site-packages/_pytest/__init__.py" complexity="0" line-rate="0.6" branch-rate="1">
					<methods/>
					<lines>
						<line number="1" hits="1"/>
						<line number="3" hits="1"/>
						<line number="4" hits="1"/>
						<line number="5" hits="0"/>
						<line number="8" hits="0"/>
					</lines>
				</class>
				<class name="_argcomplete.py" filename=".venv/lib/python3.8/site-packages/_pytest/_argcomplete.py" complexity="0" line-rate="0.3784" branch-rate="0.08333">
					<methods/>
					<lines>
						<line number="64" hits="1"/>
						<line number="65" hits="1"/>
						<line number="66" hits="1"/>
						<line number="67" hits="1"/>
						<line number="68" hits="1"/>
						<line number="69" hits="1"/>
						<line number="70" hits="1"/>
						<line number="73" hits="1"/>
						<line number="76" hits="1"/>
						<line number="77" hits="0"/>
						<line number="79" hits="1"/>
						<line number="81" hits="0" branch="true" condition-coverage="0% (0/2)" missing-branches="82,84"/>
						<line number="82" hits="0"/>
						<line number="84" hits="0"/>
						<line number="85" hits="0"/>
						<line number="86" hits="0"/>
						<line number="87" hits="0" branch="true" condition-coverage="0% (0/2)" missing-branches="89,92"/>
						<line number="89" hits="0" branch="true" condition-coverage="0% (0/2)" missing-branches="90,91"/>
						<line number="90" hits="0"/>
						<line number="91" hits="0"/>
						<line number="92" hits="0"/>
						<line number="93" hits="0" branch="true" condition-coverage="0% (0/2)" missing-branches="94,98"/>
						<line number="94" hits="0" branch="true" condition-coverage="0% (0/2)" missing-branches="95,97"/>
						<line number="95" hits="0"/>
						<line number="97" hits="0"/>
						<line number="98" hits="0"/>
						<line number="101" hits="1" branch="true" condition-coverage="50% (1/2)" missing-branches="102"/>
						<line number="102" hits="0"/>
						<line number="103" hits="0"/>
						<line number="104" hits="0"/>
						<line number="105" hits="0"/>
						<line number="106" hits="0"/>
						<line number="108" hits="0"/>
						<line number="109" hits="0"/>
						<line number="114" hits="1"/>
						<line number="115" hits="1"/>
						<line number="117" hits="1"/>
					</lines>
				</class>
				<class name="_version.py" filename=".venv/lib/python3.8/site-packages/_pytest/_version.py" complexity="0" line-rate="1" branch-rate="1">
					<methods/>
					<lines>
						<line number="4" hits="1"/>
					</lines>
				</class>
				<class name="cacheprovider.py" filename=".venv/lib/python3.8/site-packages/_pytest/cacheprovider.py" complexity="0" line-rate="0.5099" branch-rate="0.2364">
					<methods/>
					<lines>
						<line number="4" hits="1"/>
						<line number="5" hits="1"/>
						<line number="6" hits="1"/>
						<line number="7" hits="1"/>
						<line number="8" hits="1"/>
						<line number="9" hits="1"/>
						<line number="10" hits="1"/>
						<line number="11" hits="1"/>
						<line number="12" hits="1"/>
						<line number="14" hits="1"/>
						<line number="15" hits="1"/>
						<line number="17" hits="1"/>
						<line number="18" hits="1"/>
						<line number="19" hits="1"/>
						<line number="20" hits="1"/>
						<line number="21" hits="1"/>
						<line number="22" hits="1"/>
						<line number="23" hits="1"/>
						<line number="24" hits="1"/>
						<line number="25" hits="1"/>
						<line number="26" hits="1"/>
						<line number="27" hits="1"/>
						<line number="28" hits="1"/>
						<line number="29" hits="1"/>
						<line number="30" hits="1"/>
						<line number="31" hits="1"/>
						<line number="32" hits="1"/>
						<line number="35" hits="1"/>
						<line number="46" hits="1"/>
						<line number="54" hits="1" branch="true" condition-coverage="100% (2/2)"/>
						<line number="55" hits="1"/>
						<line number="56" hits="1"/>
						<line number="57" hits="1"/>
						<line number="58" hits="1"/>
						<line number="61" hits="1"/>
						<line number="64" hits="1"/>
						<line number="66" hits="1"/>
						<line number="67" hits="1"/>
						<line number="68" hits="1"/>
						<line number="69" hits="1" branch="true" condition-coverage="50% (1/2)" missing-branches="70"/>
						<line number="70" hits="0"/>
						<line number="71" hits="1"/>
						<line number="73" hits="1"/>
						<line number="74" hits="1"/>
						<line number="76" hits="0" branch="true" condition-coverage="0% (0/2)" missing-branches="exit,77"/>
						<line number="77" hits="0"/>
						<line number="78" hits="0" branch="true" condition-coverage="0% (0/2)" missing-branches="76,79"/>
						<line number="79" hits="0"/>
						<line number="81" hits="1"/>
						<line number="82" hits="1"/>
						<line number="83" hits="1"/>
						<line number="85" hits="1"/>
						<line number="86" hits="0"/>
						<line number="87" hits="0"/>
						<line number="89" hits="0"/>
						<line number="95" hits="1"/>
						<line number="107" hits="0"/>
						<line number="108" hits="0" branch="true" condition-coverage="0% (0/2)" missing-branches="109,110"/>
						<line number="109" hits="0"/>
						<line number="110" hits="0"/>
						<line number="111" hits="0"/>
						<line number="112" hits="0"/>
						<line number="114" hits="1"/>
						<line number="115" hits="1"/>
						<line number="117" hits="1"/>
						<line number="129" hits="1"/>
						<line number="130" hits="1"/>
						<line number="131" hits="1"/>
						<line number="132" hits="0"/>
						<line number="133" hits="1"/>
						<line number="134" hits="1"/>
						<line number="136" hits="1"/>
						<line number="146" hits="1"/>
						<line number="147" hits="1"/>
						<line number="148" hits="1" branch="true" condition-coverage="50% (1/2)" missing-branches="151"/>
						<line number="149" hits="1"/>
						<line number="151" hits="0"/>
						<line number="152" hits="0"/>
						<line number="153" hits="0"/>
						<line number="154" hits="0"/>
						<line number="155" hits="0"/>
						<line number="156" hits="1" branch="true" condition-coverage="50% (1/2)" missing-branches="157"/>
						<line number="157" hits="0"/>
						<line number="158" hits="1"/>
						<line number="159" hits="1"/>
						<line number="160" hits="1"/>
						<line number="161" hits="0"/>
						<line number="162" hits="0"/>
						<line number="164" hits="1"/>
						<line number="165" hits="1"/>
						<line number="167" hits="1"/>
						<line number="169" hits="0"/>
						<line number="170" hits="0"/>
						<line number="172" hits="0"/>
						<line number="173" hits="0"/>
						<line number="174" hits="0"/>
						<line number="176" hits="0"/>
						<line number="177" hits="0"/>
						<line number="180" hits="1"/>
						<line number="181" hits="1"/>
						<line number="182" hits="0"/>
						<line number="183" hits="0"/>
						<line number="185" hits="1"/>
						<line number="186" hits="1"/>
						<line number="187" hits="0" branch="true" condition-coverage="0% (0/2)" missing-branches="188,198"/>
						<line number="188" hits="0"/>
						<line number="189" hits="0"/>
						<line number="192" hits="0"/>
						<line number="193" hits="0" branch="true" condition-coverage="0% (0/2)" missing-branches="exit,196"/>
						<line number="196" hits="0"/>
						<line number="198" hits="0" branch="true" condition-coverage="0% (0/2)" missing-branches="199,225"/>
						<line number="199" hits="0" branch="true" condition-coverage="0% (0/2)" missing-branches="200,225"/>
						<line number="200" hits="0"/>
						<line number="201" hits="0"/>
						<line number="202" hits="0"/>
						<line number="203" hits="0"/>
						<line number="206" hits="0" branch="true" condition-coverage="0% (0/2)" missing-branches="207,214"/>
						<line number="207" hits="0" branch="true" condition-coverage="0% (0/3)" missing-branches="exit,208,209"/>
						<line number="208" hits="0"/>
						<line number="209" hits="0"/>
						<line number="212" hits="0"/>
						<line number="214" hits="0"/>
						<line number="215" hits="0" branch="true" condition-coverage="0% (0/2)" missing-branches="exit,224"/>
						<line number="224" hits="0"/>
						<line number="225" hits="0"/>
						<line number="228" hits="1"/>
						<line number="229" hits="1"/>
						<line number="230" hits="0"/>
						<line number="232" hits="1"/>
						<line number="233" hits="1"/>
						<line number="236" hits="0" branch="true" condition-coverage="0% (0/2)" missing-branches="237,243"/>
						<line number="237" hits="0" branch="true" condition-coverage="0% (0/2)" missing-branches="238,243"/>
						<line number="238" hits="0"/>
						<line number="240" hits="0"/>
						<line number="243" hits="0"/>
						<line number="246" hits="1"/>
						<line number="249" hits="1"/>
						<line number="250" hits="1"/>
						<line number="251" hits="1"/>
						<line number="252" hits="1" branch="true" condition-coverage="100% (2/2)"/>
						<line number="253" hits="1"/>
						<line number="254" hits="1"/>
						<line number="257" hits="1"/>
						<line number="258" hits="1"/>
						<line number="259" hits="1"/>
						<line number="261" hits="1" branch="true" condition-coverage="50% (1/2)" missing-branches="262"/>
						<line number="262" hits="0"/>
						<line number="263" hits="0"/>
						<line number="267" hits="1"/>
						<line number="269" hits="0"/>
						<line number="270" hits="0" branch="true" condition-coverage="0% (0/2)" missing-branches="exit,271"/>
						<line number="271" hits="0" branch="true" condition-coverage="0% (0/2)" missing-branches="exit,exit"/>
						<line number="273" hits="1"/>
						<line number="274" hits="1" branch="true" condition-coverage="50% (1/2)" missing-branches="275"/>
						<line number="275" hits="0"/>
						<line number="276" hits="1"/>
						<line number="278" hits="1"/>
						<line number="279" hits="1" branch="true" condition-coverage="100% (2/2)"/>
						<line number="280" hits="1"/>
						<line number="281" hits="1" branch="true" condition-coverage="100% (2/2)"/>
						<line number="282" hits="1"/>
						<line number="284" hits="1"/>
						<line number="285" hits="1"/>
						<line number="286" hits="1" branch="true" condition-coverage="50% (1/2)" missing-branches="291"/>
						<line number="287" hits="1" branch="true" condition-coverage="50% (1/2)" missing-branches="288"/>
						<line number="288" hits="0"/>
						<line number="289" hits="0" branch="true" condition-coverage="0% (0/2)" missing-branches="exit,exit"/>
						<line number="291" hits="0"/>
						<line number="293" hits="1"/>
						<line number="294" hits="1"/>
						<line number="297" hits="1"/>
						<line number="299" hits="1" branch="true" condition-coverage="50% (1/2)" missing-branches="302"/>
						<line number="300" hits="1"/>
						<line number="302" hits="0" branch="true" condition-coverage="0% (0/2)" missing-branches="303,337"/>
						<line number="303" hits="0"/>
						<line number="304" hits="0"/>
						<line number="305" hits="0" branch="true" condition-coverage="0% (0/2)" missing-branches="306,310"/>
						<line number="306" hits="0" branch="true" condition-coverage="0% (0/2)" missing-branches="307,309"/>
						<line number="307" hits="0"/>
						<line number="309" hits="0"/>
						<line number="310" hits="0"/>
						<line number="312" hits="0" branch="true" condition-coverage="0% (0/2)" missing-branches="315,319"/>
						<line number="315" hits="0"/>
						<line number="319" hits="0" branch="true" condition-coverage="0% (0/2)" missing-branches="320,323"/>
						<line number="320" hits="0"/>
						<line number="321" hits="0"/>
						<line number="323" hits="0"/>
						<line number="325" hits="0"/>
						<line number="326" hits="0"/>
						<line number="327" hits="0"/>
						<line number="331" hits="0" branch="true" condition-coverage="0% (0/2)" missing-branches="exit,332"/>
						<line number="332" hits="0"/>
						<line number="333" hits="0"/>
						<line number="337" hits="0"/>
						<line number="338" hits="0" branch="true" condition-coverage="0% (0/2)" missing-branches="339,343"/>
						<line number="339" hits="0"/>
						<line number="340" hits="0"/>
						<line number="341" hits="0"/>
						<line number="343" hits="0"/>
						<line number="345" hits="1"/>
						<line number="346" hits="1"/>
						<line number="347" hits="1" branch="true" condition-coverage="50% (1/2)" missing-branches="348"/>
						<line number="348" hits="0"/>
						<line number="350" hits="1"/>
						<line number="351" hits="1"/>
						<line number="352" hits="1" branch="true" condition-coverage="50% (1/2)" missing-branches="exit"/>
						<line number="353" hits="1"/>
						<line number="356" hits="1"/>
						<line number="359" hits="1"/>
						<line number="360" hits="1"/>
						<line number="361" hits="1"/>
						<line number="362" hits="1"/>
						<line number="363" hits="1"/>
						<line number="365" hits="1"/>
						<line number="366" hits="1"/>
						<line number="369" hits="1"/>
						<line number="371" hits="1" branch="true" condition-coverage="50% (1/2)" missing-branches="372"/>
						<line number="372" hits="0"/>
						<line number="373" hits="0"/>
						<line number="374" hits="0" branch="true" condition-coverage="0% (0/2)" missing-branches="375,380"/>
						<line number="375" hits="0" branch="true" condition-coverage="0% (0/2)" missing-branches="376,378"/>
						<line number="376" hits="0"/>
						<line number="378" hits="0"/>
						<line number="380" hits="0"/>
						<line number="383" hits="0"/>
						<line number="385" hits="1" branch="true" condition-coverage="100% (2/2)"/>
						<line number="387" hits="1"/>
						<line number="388" hits="0" branch="true" condition-coverage="0% (0/2)" missing-branches="exit,exit"/>
						<line number="390" hits="1"/>
						<line number="391" hits="1"/>
						<line number="392" hits="1" branch="true" condition-coverage="50% (1/2)" missing-branches="393"/>
						<line number="393" hits="0"/>
						<line number="395" hits="1" branch="true" condition-coverage="50% (1/2)" missing-branches="396"/>
						<line number="396" hits="0"/>
						<line number="398" hits="1"/>
						<line number="399" hits="1"/>
						<line number="402" hits="1"/>
						<line number="403" hits="1"/>
						<line number="404" hits="1"/>
						<line number="412" hits="1"/>
						<line number="421" hits="1"/>
						<line number="429" hits="1"/>
						<line number="439" hits="1"/>
						<line number="445" hits="1"/>
						<line number="446" hits="1" branch="true" condition-coverage="50% (1/2)" missing-branches="447"/>
						<line number="447" hits="0"/>
						<line number="448" hits="1"/>
						<line number="449" hits="1"/>
						<line number="460" hits="1"/>
						<line number="461" hits="1" branch="true" condition-coverage="50% (1/2)" missing-branches="462"/>
						<line number="462" hits="0"/>
						<line number="464" hits="0"/>
						<line number="465" hits="1"/>
						<line number="468" hits="1"/>
						<line number="469" hits="1"/>
						<line number="470" hits="1"/>
						<line number="471" hits="1"/>
						<line number="472" hits="1"/>
						<line number="475" hits="1"/>
						<line number="476" hits="1"/>
						<line number="487" hits="0"/>
						<line number="488" hits="0"/>
						<line number="491" hits="1"/>
						<line number="493" hits="1" branch="true" condition-coverage="50% (1/2)" missing-branches="494"/>
						<line number="494" hits="0"/>
						<line number="495" hits="0"/>
						<line number="499" hits="0"/>
						<line number="500" hits="0"/>
						<line number="501" hits="0"/>
						<line number="502" hits="0"/>
						<line number="503" hits="0"/>
						<line number="504" hits="1"/>
						<line number="507" hits="1"/>
						<line number="508" hits="0"/>
						<line number="510" hits="0"/>
						<line number="512" hits="0"/>
						<line number="513" hits="0"/>
						<line number="514" hits="0" branch="true" condition-coverage="0% (0/2)" missing-branches="515,518"/>
						<line number="515" hits="0"/>
						<line number="516" hits="0"/>
						<line number="518" hits="0"/>
						<line number="519" hits="0" branch="true" condition-coverage="0% (0/2)" missing-branches="520,522"/>
						<line number="520" hits="0"/>
						<line number="522" hits="0"/>
						<line number="523" hits="0"/>
						<line number="524" hits="0"/>
						<line number="525" hits="0"/>
						<line number="526" hits="0" branch="true" condition-coverage="0% (0/3)" missing-branches="exit,527,536"/>
						<line number="527" hits="0"/>
						<line number="528" hits="0"/>
						<line number="529" hits="0" branch="true" condition-coverage="0% (0/2)" missing-branches="530,532"/>
						<line number="530" hits="0"/>
						<line number="532" hits="0"/>
						<line number="533" hits="0" branch="true" condition-coverage="0% (0/2)" missing-branches="526,534"/>
						<line number="534" hits="0"/>
						<line number="536" hits="0"/>
						<line number="537" hits="0" branch="true" condition-coverage="0% (0/2)" missing-branches="538,546"/>
						<line number="538" hits="0"/>
						<line number="539" hits="0"/>
						<line number="540" hits="0" branch="true" condition-coverage="0% (0/2)" missing-branches="543,546"/>
						<line number="543" hits="0" branch="true" condition-coverage="0% (0/2)" missing-branches="540,544"/>
						<line number="544" hits="0"/>
						<line number="545" hits="0"/>
						<line number="546" hits="0"/>
					</lines>
				</class>
				<class name="capture.py" filename=".venv/lib/python3.8/site-packages/_pytest/capture.py" complexity="0" line-rate="0.6176" branch-rate="0.3551">
					<methods/>
					<lines>
						<line number="2" hits="1"/>
						<line number="3" hits="1"/>
						<line number="4" hits="1"/>
						<line number="5" hits="1"/>
						<line number="6" hits="1"/>
						<line number="7" hits="1"/>
						<line number="8" hits="1"/>
						<line number="9" hits="1"/>
						<line number="10" hits="1"/>
						<line number="11" hits="1"/>
						<line number="12" hits="1"/>
						<line number="13" hits="1"/>
						<line number="14" hits="1"/>
						<line number="15" hits="1"/>
						<line number="16" hits="1"/>
						<line number="17" hits="1"/>
						<line number="19" hits="1"/>
						<line number="20" hits="1"/>
						<line number="21" hits="1"/>
						<line number="22" hits="1"/>
						<line number="23" hits="1"/>
						<line number="24" hits="1"/>
						<line number="25" hits="1"/>
						<line number="26" hits="1"/>
						<line number="28" hits="1" branch="true" condition-coverage="50% (1/2)" missing-branches="29"/>
						<line number="29" hits="0"/>
						<line number="31" hits="0"/>
						<line number="34" hits="1"/>
						<line number="35" hits="1"/>
						<line number="36" hits="1"/>
						<line number="44" hits="1"/>
						<line number="53" hits="1"/>
						<line number="61" hits="1" branch="true" condition-coverage="50% (1/2)" missing-branches="62"/>
						<line number="62" hits="0"/>
						<line number="63" hits="0"/>
						<line number="64" hits="0"/>
						<line number="65" hits="0"/>
						<line number="68" hits="1"/>
						<line number="85" hits="1" branch="true" condition-coverage="50% (1/2)" missing-branches="86"/>
						<line number="86" hits="0"/>
						<line number="87" hits="0"/>
						<line number="88" hits="0"/>
						<line number="89" hits="0"/>
						<line number="92" hits="1"/>
						<line number="116" hits="1" branch="true" condition-coverage="50% (1/2)" missing-branches="124"/>
						<line number="121" hits="1"/>
						<line number="124" hits="0" branch="true" condition-coverage="0% (0/2)" missing-branches="125,127"/>
						<line number="125" hits="0"/>
						<line number="127" hits="0"/>
						<line number="128" hits="0"/>
						<line number="130" hits="0" branch="true" condition-coverage="0% (0/2)" missing-branches="131,133"/>
						<line number="131" hits="0"/>
						<line number="133" hits="0"/>
						<line number="134" hits="0" branch="true" condition-coverage="0% (0/2)" missing-branches="135,137"/>
						<line number="135" hits="0"/>
						<line number="137" hits="0"/>
						<line number="139" hits="0"/>
						<line number="147" hits="0"/>
						<line number="148" hits="0"/>
						<line number="149" hits="0"/>
						<line number="152" hits="1"/>
						<line number="153" hits="1"/>
						<line number="154" hits="1"/>
						<line number="155" hits="1" branch="true" condition-coverage="50% (1/2)" missing-branches="157"/>
						<line number="156" hits="1"/>
						<line number="157" hits="1"/>
						<line number="158" hits="1"/>
						<line number="159" hits="1"/>
						<line number="160" hits="1"/>
						<line number="161" hits="1"/>
						<line number="164" hits="1"/>
						<line number="167" hits="1"/>
						<line number="168" hits="1"/>
						<line number="169" hits="1"/>
						<line number="170" hits="1" branch="true" condition-coverage="50% (1/2)" missing-branches="171"/>
						<line number="171" hits="0"/>
						<line number="172" hits="0"/>
						<line number="173" hits="0"/>
						<line number="179" hits="1"/>
						<line number="180" hits="1"/>
						<line number="182" hits="1"/>
						<line number="183" hits="1"/>
						<line number="186" hits="0"/>
						<line number="188" hits="1"/>
						<line number="189" hits="1"/>
						<line number="192" hits="0"/>
						<line number="195" hits="1"/>
						<line number="196" hits="1"/>
						<line number="197" hits="0"/>
						<line number="199" hits="1"/>
						<line number="200" hits="0"/>
						<line number="201" hits="0"/>
						<line number="204" hits="1"/>
						<line number="205" hits="1"/>
						<line number="206" hits="0"/>
						<line number="207" hits="0"/>
						<line number="209" hits="1"/>
						<line number="210" hits="0"/>
						<line number="211" hits="0"/>
						<line number="214" hits="1"/>
						<line number="215" hits="1"/>
						<line number="217" hits="1"/>
						<line number="218" hits="0"/>
						<line number="222" hits="1"/>
						<line number="223" hits="1"/>
						<line number="224" hits="1"/>
						<line number="226" hits="1"/>
						<line number="227" hits="0"/>
						<line number="229" hits="1"/>
						<line number="230" hits="0"/>
						<line number="232" hits="1"/>
						<line number="233" hits="0"/>
						<line number="235" hits="1"/>
						<line number="236" hits="1"/>
						<line number="238" hits="1"/>
						<line number="239" hits="1"/>
						<line number="240" hits="0"/>
						<line number="246" hits="1"/>
						<line number="249" hits="1"/>
						<line number="250" hits="1"/>
						<line number="251" hits="1" branch="true" condition-coverage="50% (1/2)" missing-branches="exit"/>
						<line number="254" hits="1"/>
						<line number="256" hits="1"/>
						<line number="258" hits="1"/>
						<line number="259" hits="1"/>
						<line number="260" hits="1"/>
						<line number="261" hits="1"/>
						<line number="262" hits="1" branch="true" condition-coverage="100% (2/2)"/>
						<line number="263" hits="1" branch="true" condition-coverage="50% (1/2)" missing-branches="266"/>
						<line number="264" hits="1"/>
						<line number="266" hits="0"/>
						<line number="267" hits="1"/>
						<line number="268" hits="1"/>
						<line number="270" hits="1"/>
						<line number="271" hits="0"/>
						<line number="279" hits="1"/>
						<line number="280" hits="0"/>
						<line number="288" hits="1"/>
						<line number="289" hits="1"/>
						<line number="295" hits="1"/>
						<line number="296" hits="1"/>
						<line number="297" hits="1"/>
						<line number="298" hits="1"/>
						<line number="300" hits="1"/>
						<line number="301" hits="0"/>
						<line number="302" hits="0"/>
						<line number="303" hits="0"/>
						<line number="304" hits="0"/>
						<line number="305" hits="0"/>
						<line number="306" hits="0"/>
						<line number="308" hits="1"/>
						<line number="309" hits="1"/>
						<line number="310" hits="1" branch="true" condition-coverage="50% (1/2)" missing-branches="311"/>
						<line number="311" hits="0"/>
						<line number="312" hits="1"/>
						<line number="313" hits="1"/>
						<line number="314" hits="1"/>
						<line number="315" hits="1"/>
						<line number="317" hits="1"/>
						<line number="318" hits="1"/>
						<line number="319" hits="1"/>
						<line number="320" hits="1"/>
						<line number="322" hits="1"/>
						<line number="323" hits="1"/>
						<line number="324" hits="1" branch="true" condition-coverage="50% (1/2)" missing-branches="325"/>
						<line number="325" hits="0"/>
						<line number="326" hits="1"/>
						<line number="327" hits="1"/>
						<line number="329" hits="1"/>
						<line number="330" hits="0"/>
						<line number="331" hits="0"/>
						<line number="332" hits="0"/>
						<line number="333" hits="0"/>
						<line number="336" hits="1"/>
						<line number="337" hits="1"/>
						<line number="339" hits="1"/>
						<line number="340" hits="0"/>
						<line number="341" hits="0"/>
						<line number="342" hits="0"/>
						<line number="343" hits="0"/>
						<line number="345" hits="1"/>
						<line number="346" hits="0"/>
						<line number="347" hits="0"/>
						<line number="348" hits="0"/>
						<line number="351" hits="1"/>
						<line number="357" hits="1"/>
						<line number="359" hits="1"/>
						<line number="360" hits="1"/>
						<line number="362" hits="1"/>
						<line number="363" hits="1"/>
						<line number="364" hits="0"/>
						<line number="376" hits="0"/>
						<line number="379" hits="0"/>
						<line number="381" hits="1"/>
						<line number="382" hits="1"/>
						<line number="384" hits="1" branch="true" condition-coverage="100% (2/2)"/>
						<line number="385" hits="1"/>
						<line number="386" hits="1"/>
						<line number="388" hits="1"/>
						<line number="396" hits="1" branch="true" condition-coverage="50% (1/2)" missing-branches="399"/>
						<line number="397" hits="1"/>
						<line number="399" hits="0"/>
						<line number="401" hits="1"/>
						<line number="403" hits="1"/>
						<line number="404" hits="0"/>
						<line number="412" hits="1"/>
						<line number="413" hits="1"/>
						<line number="419" hits="1"/>
						<line number="421" hits="1"/>
						<line number="422" hits="1"/>
						<line number="423" hits="1"/>
						<line number="424" hits="1"/>
						<line number="426" hits="1"/>
						<line number="427" hits="0"/>
						<line number="428" hits="0"/>
						<line number="429" hits="0"/>
						<line number="430" hits="0"/>
						<line number="431" hits="0"/>
						<line number="432" hits="0"/>
						<line number="434" hits="1"/>
						<line number="437" hits="1"/>
						<line number="438" hits="1" branch="true" condition-coverage="50% (1/2)" missing-branches="439"/>
						<line number="439" hits="0"/>
						<line number="440" hits="1"/>
						<line number="441" hits="1"/>
						<line number="442" hits="1" branch="true" condition-coverage="50% (1/2)" missing-branches="443"/>
						<line number="443" hits="0" branch="true" condition-coverage="0% (0/2)" missing-branches="444,445"/>
						<line number="444" hits="0"/>
						<line number="445" hits="0"/>
						<line number="446" hits="1"/>
						<line number="447" hits="1"/>
						<line number="448" hits="1"/>
						<line number="450" hits="1"/>
						<line number="451" hits="1"/>
						<line number="452" hits="1" branch="true" condition-coverage="50% (1/2)" missing-branches="453"/>
						<line number="453" hits="0"/>
						<line number="454" hits="1"/>
						<line number="455" hits="1"/>
						<line number="456" hits="1"/>
						<line number="458" hits="1"/>
						<line number="459" hits="1"/>
						<line number="460" hits="1" branch="true" condition-coverage="50% (1/2)" missing-branches="461"/>
						<line number="461" hits="0"/>
						<line number="462" hits="1"/>
						<line number="463" hits="1"/>
						<line number="464" hits="1"/>
						<line number="466" hits="1"/>
						<line number="468" hits="0"/>
						<line number="469" hits="0"/>
						<line number="472" hits="1"/>
						<line number="479" hits="1"/>
						<line number="481" hits="1"/>
						<line number="482" hits="1"/>
						<line number="483" hits="1"/>
						<line number="484" hits="1"/>
						<line number="485" hits="1"/>
						<line number="486" hits="1"/>
						<line number="487" hits="1"/>
						<line number="489" hits="1"/>
						<line number="491" hits="0"/>
						<line number="502" hits="1" branch="true" condition-coverage="100% (2/2)"/>
						<line number="503" hits="1"/>
						<line number="504" hits="1"/>
						<line number="508" hits="1" branch="true" condition-coverage="50% (1/2)" missing-branches="511"/>
						<line number="509" hits="1"/>
						<line number="511" hits="1"/>
						<line number="512" hits="1"/>
						<line number="513" hits="1"/>
						<line number="515" hits="1"/>
						<line number="516" hits="0"/>
						<line number="518" hits="1"/>
						<line number="519" hits="1"/>
						<line number="521" hits="1"/>
						<line number="522" hits="0"/>
						<line number="524" hits="1"/>
						<line number="527" hits="0"/>
						<line number="531" hits="1"/>
						<line number="532" hits="0"/>
						<line number="534" hits="1"/>
						<line number="535" hits="0"/>
						<line number="537" hits="1"/>
						<line number="538" hits="0" branch="true" condition-coverage="0% (0/2)" missing-branches="539,540"/>
						<line number="539" hits="0"/>
						<line number="540" hits="0"/>
						<line number="542" hits="1"/>
						<line number="543" hits="0"/>
						<line number="545" hits="1"/>
						<line number="546" hits="0" branch="true" condition-coverage="0% (0/2)" missing-branches="547,548"/>
						<line number="547" hits="0"/>
						<line number="548" hits="0"/>
						<line number="550" hits="1"/>
						<line number="551" hits="0"/>
						<line number="554" hits="1"/>
						<line number="555" hits="1"/>
						<line number="556" hits="1"/>
						<line number="558" hits="1"/>
						<line number="559" hits="1"/>
						<line number="560" hits="1"/>
						<line number="561" hits="1"/>
						<line number="563" hits="1"/>
						<line number="564" hits="0"/>
						<line number="568" hits="1"/>
						<line number="569" hits="1"/>
						<line number="570" hits="1" branch="true" condition-coverage="50% (1/2)" missing-branches="572"/>
						<line number="571" hits="1"/>
						<line number="572" hits="1" branch="true" condition-coverage="50% (1/2)" missing-branches="574"/>
						<line number="573" hits="1"/>
						<line number="574" hits="1" branch="true" condition-coverage="50% (1/2)" missing-branches="exit"/>
						<line number="575" hits="1"/>
						<line number="577" hits="1"/>
						<line number="579" hits="1"/>
						<line number="580" hits="1" branch="true" condition-coverage="50% (1/2)" missing-branches="581"/>
						<line number="581" hits="0"/>
						<line number="582" hits="1" branch="true" condition-coverage="50% (1/2)" missing-branches="583"/>
						<line number="583" hits="0"/>
						<line number="584" hits="1"/>
						<line number="586" hits="1"/>
						<line number="587" hits="1"/>
						<line number="588" hits="1" branch="true" condition-coverage="50% (1/2)" missing-branches="590"/>
						<line number="589" hits="1"/>
						<line number="590" hits="1" branch="true" condition-coverage="50% (1/2)" missing-branches="592"/>
						<line number="591" hits="1"/>
						<line number="592" hits="1" branch="true" condition-coverage="50% (1/2)" missing-branches="593"/>
						<line number="593" hits="0"/>
						<line number="594" hits="0"/>
						<line number="596" hits="1"/>
						<line number="597" hits="1"/>
						<line number="598" hits="1" branch="true" condition-coverage="50% (1/2)" missing-branches="600"/>
						<line number="599" hits="1"/>
						<line number="600" hits="1" branch="true" condition-coverage="50% (1/2)" missing-branches="602"/>
						<line number="601" hits="1"/>
						<line number="602" hits="1" branch="true" condition-coverage="50% (1/2)" missing-branches="603"/>
						<line number="603" hits="0"/>
						<line number="604" hits="0"/>
						<line number="606" hits="1"/>
						<line number="608" hits="1" branch="true" condition-coverage="50% (1/2)" missing-branches="609"/>
						<line number="609" hits="0"/>
						<line number="610" hits="1"/>
						<line number="611" hits="1" branch="true" condition-coverage="50% (1/2)" missing-branches="613"/>
						<line number="612" hits="1"/>
						<line number="613" hits="1" branch="true" condition-coverage="50% (1/2)" missing-branches="615"/>
						<line number="614" hits="1"/>
						<line number="615" hits="1" branch="true" condition-coverage="50% (1/2)" missing-branches="exit"/>
						<line number="616" hits="1"/>
						<line number="618" hits="1"/>
						<line number="620" hits="0"/>
						<line number="622" hits="1"/>
						<line number="623" hits="1" branch="true" condition-coverage="50% (1/2)" missing-branches="626"/>
						<line number="624" hits="1"/>
						<line number="626" hits="0"/>
						<line number="627" hits="1" branch="true" condition-coverage="50% (1/2)" missing-branches="630"/>
						<line number="628" hits="1"/>
						<line number="630" hits="0"/>
						<line number="631" hits="1"/>
						<line number="634" hits="1"/>
						<line number="635" hits="1" branch="true" condition-coverage="50% (1/2)" missing-branches="637"/>
						<line number="636" hits="1"/>
						<line number="637" hits="0" branch="true" condition-coverage="0% (0/2)" missing-branches="638,639"/>
						<line number="638" hits="0"/>
						<line number="639" hits="0" branch="true" condition-coverage="0% (0/2)" missing-branches="640,641"/>
						<line number="640" hits="0"/>
						<line number="641" hits="0" branch="true" condition-coverage="0% (0/2)" missing-branches="642,645"/>
						<line number="642" hits="0"/>
						<line number="645" hits="0"/>
						<line number="651" hits="1"/>
						<line number="670" hits="1"/>
						<line number="671" hits="1"/>
						<line number="672" hits="1"/>
						<line number="673" hits="1"/>
						<line number="675" hits="1"/>
						<line number="676" hits="0"/>
						<line number="680" hits="1"/>
						<line number="681" hits="0" branch="true" condition-coverage="0% (0/2)" missing-branches="682,683"/>
						<line number="682" hits="0"/>
						<line number="683" hits="0" branch="true" condition-coverage="0% (0/2)" missing-branches="684,685"/>
						<line number="684" hits="0"/>
						<line number="685" hits="0"/>
						<line number="689" hits="1"/>
						<line number="690" hits="0"/>
						<line number="692" hits="1"/>
						<line number="693" hits="1"/>
						<line number="694" hits="1"/>
						<line number="695" hits="1"/>
						<line number="697" hits="1"/>
						<line number="698" hits="1" branch="true" condition-coverage="50% (1/2)" missing-branches="exit"/>
						<line number="699" hits="1"/>
						<line number="700" hits="1"/>
						<line number="701" hits="1"/>
						<line number="703" hits="1"/>
						<line number="706" hits="1" branch="true" condition-coverage="50% (1/2)" missing-branches="exit"/>
						<line number="707" hits="1"/>
						<line number="709" hits="1"/>
						<line number="710" hits="1" branch="true" condition-coverage="50% (1/2)" missing-branches="exit"/>
						<line number="711" hits="1"/>
						<line number="713" hits="1"/>
						<line number="715" hits="0"/>
						<line number="716" hits="0"/>
						<line number="718" hits="1"/>
						<line number="719" hits="0"/>
						<line number="720" hits="0"/>
						<line number="722" hits="1"/>
						<line number="723" hits="1"/>
						<line number="724" hits="1"/>
						<line number="728" hits="1"/>
						<line number="729" hits="0" branch="true" condition-coverage="0% (0/2)" missing-branches="730,737"/>
						<line number="730" hits="0"/>
						<line number="731" hits="0"/>
						<line number="732" hits="0"/>
						<line number="737" hits="0"/>
						<line number="739" hits="1"/>
						<line number="740" hits="0"/>
						<line number="742" hits="1"/>
						<line number="745" hits="1" branch="true" condition-coverage="50% (1/2)" missing-branches="746"/>
						<line number="746" hits="0"/>
						<line number="748" hits="1"/>
						<line number="750" hits="1" branch="true" condition-coverage="50% (1/2)" missing-branches="751"/>
						<line number="751" hits="0"/>
						<line number="753" hits="1"/>
						<line number="754" hits="0" branch="true" condition-coverage="0% (0/2)" missing-branches="exit,755"/>
						<line number="755" hits="0"/>
						<line number="757" hits="1"/>
						<line number="758" hits="0" branch="true" condition-coverage="0% (0/2)" missing-branches="exit,759"/>
						<line number="759" hits="0"/>
						<line number="763" hits="1"/>
						<line number="764" hits="1"/>
						<line number="766" hits="0"/>
						<line number="767" hits="0" branch="true" condition-coverage="0% (0/2)" missing-branches="768,769"/>
						<line number="768" hits="0"/>
						<line number="769" hits="0"/>
						<line number="770" hits="0" branch="true" condition-coverage="0% (0/2)" missing-branches="771,772"/>
						<line number="771" hits="0"/>
						<line number="772" hits="0"/>
						<line number="773" hits="0"/>
						<line number="775" hits="0" branch="true" condition-coverage="0% (0/2)" missing-branches="776,777"/>
						<line number="776" hits="0"/>
						<line number="777" hits="0" branch="true" condition-coverage="0% (0/2)" missing-branches="exit,778"/>
						<line number="778" hits="0"/>
						<line number="780" hits="1"/>
						<line number="781" hits="1"/>
						<line number="782" hits="1"/>
						<line number="783" hits="1"/>
						<line number="784" hits="1"/>
						<line number="785" hits="1"/>
						<line number="787" hits="1"/>
						<line number="788" hits="1"/>
						<line number="790" hits="1"/>
						<line number="791" hits="1"/>
						<line number="792" hits="1"/>
						<line number="796" hits="1"/>
						<line number="797" hits="1"/>
						<line number="798" hits="1" branch="true" condition-coverage="100% (2/2)"/>
						<line number="799" hits="1"/>
						<line number="800" hits="1"/>
						<line number="801" hits="1"/>
						<line number="802" hits="1"/>
						<line number="803" hits="1"/>
						<line number="804" hits="1" branch="true" condition-coverage="50% (1/2)" missing-branches="805"/>
						<line number="805" hits="0"/>
						<line number="806" hits="1" branch="true" condition-coverage="50% (1/2)" missing-branches="807"/>
						<line number="807" hits="0"/>
						<line number="809" hits="1"/>
						<line number="811" hits="1"/>
						<line number="812" hits="1"/>
						<line number="813" hits="1"/>
						<line number="814" hits="1"/>
						<line number="816" hits="1"/>
						<line number="817" hits="1"/>
						<line number="818" hits="1"/>
						<line number="819" hits="1"/>
						<line number="821" hits="1"/>
						<line number="822" hits="1"/>
						<line number="823" hits="1"/>
						<line number="824" hits="1"/>
						<line number="826" hits="1"/>
						<line number="827" hits="1"/>
						<line number="828" hits="0"/>
						<line number="830" hits="1"/>
						<line number="831" hits="1"/>
						<line number="832" hits="0"/>
						<line number="835" hits="1"/>
						<line number="839" hits="1"/>
						<line number="840" hits="0"/>
						<line number="841" hits="0"/>
						<line number="842" hits="0"/>
						<line number="843" hits="0"/>
						<line number="844" hits="0"/>
						<line number="846" hits="1"/>
						<line number="847" hits="0" branch="true" condition-coverage="0% (0/2)" missing-branches="exit,848"/>
						<line number="848" hits="0"/>
						<line number="851" hits="0"/>
						<line number="853" hits="1"/>
						<line number="854" hits="0" branch="true" condition-coverage="0% (0/2)" missing-branches="exit,855"/>
						<line number="855" hits="0"/>
						<line number="856" hits="0"/>
						<line number="857" hits="0"/>
						<line number="858" hits="0"/>
						<line number="859" hits="0"/>
						<line number="861" hits="1"/>
						<line number="869" hits="0"/>
						<line number="870" hits="0" branch="true" condition-coverage="0% (0/2)" missing-branches="871,874"/>
						<line number="871" hits="0"/>
						<line number="872" hits="0"/>
						<line number="873" hits="0"/>
						<line number="874" hits="0"/>
						<line number="875" hits="0"/>
						<line number="876" hits="0"/>
						<line number="878" hits="1"/>
						<line number="880" hits="0" branch="true" condition-coverage="0% (0/2)" missing-branches="exit,881"/>
						<line number="881" hits="0"/>
						<line number="883" hits="1"/>
						<line number="885" hits="0" branch="true" condition-coverage="0% (0/2)" missing-branches="exit,886"/>
						<line number="886" hits="0"/>
						<line number="888" hits="1"/>
						<line number="890" hits="0" branch="true" condition-coverage="0% (0/2)" missing-branches="891,892"/>
						<line number="891" hits="0"/>
						<line number="892" hits="0"/>
						<line number="894" hits="1"/>
						<line number="895" hits="1"/>
						<line number="897" hits="0"/>
						<line number="898" hits="0"/>
						<line number="899" hits="0"/>
						<line number="905" hits="1"/>
						<line number="906" hits="1"/>
						<line number="913" hits="0"/>
						<line number="914" hits="0"/>
						<line number="915" hits="0"/>
						<line number="916" hits="0"/>
						<line number="917" hits="0"/>
						<line number="918" hits="0"/>
						<line number="919" hits="0"/>
						<line number="922" hits="1"/>
						<line number="923" hits="1"/>
						<line number="930" hits="0"/>
						<line number="931" hits="0"/>
						<line number="932" hits="0"/>
						<line number="933" hits="0"/>
						<line number="934" hits="0"/>
						<line number="935" hits="0"/>
						<line number="936" hits="0"/>
						<line number="939" hits="1"/>
						<line number="940" hits="1"/>
						<line number="947" hits="0"/>
						<line number="948" hits="0"/>
						<line number="949" hits="0"/>
						<line number="950" hits="0"/>
						<line number="951" hits="0"/>
						<line number="952" hits="0"/>
						<line number="953" hits="0"/>
						<line number="956" hits="1"/>
						<line number="957" hits="1"/>
						<line number="964" hits="0"/>
						<line number="965" hits="0"/>
						<line number="966" hits="0"/>
						<line number="967" hits="0"/>
						<line number="968" hits="0"/>
						<line number="969" hits="0"/>
						<line number="970" hits="0"/>
					</lines>
				</class>
				<class name="compat.py" filename=".venv/lib/python3.8/site-packages/_pytest/compat.py" complexity="0" line-rate="0.5667" branch-rate="0.4483">
					<methods/>
					<lines>
						<line number="2" hits="1"/>
						<line number="3" hits="1"/>
						<line number="4" hits="1"/>
						<line number="5" hits="1"/>
						<line number="6" hits="1"/>
						<line number="7" hits="1"/>
						<line number="8" hits="1"/>
						<line number="9" hits="1"/>
						<line number="10" hits="1"/>
						<line number="11" hits="1"/>
						<line number="12" hits="1"/>
						<line number="13" hits="1"/>
						<line number="14" hits="1"/>
						<line number="15" hits="1"/>
						<line number="16" hits="1"/>
						<line number="17" hits="1"/>
						<line number="18" hits="1"/>
						<line number="20" hits="1"/>
						<line number="22" hits="1"/>
						<line number="23" hits="1"/>
						<line number="25" hits="1" branch="true" condition-coverage="50% (1/2)" missing-branches="26"/>
						<line number="26" hits="0"/>
						<line number="28" hits="1"/>
						<line number="31" hits="1" branch="true" condition-coverage="50% (1/2)" missing-branches="32"/>
						<line number="32" hits="0"/>
						<line number="33" hits="0"/>
						<line number="34" hits="0"/>
						<line number="37" hits="1"/>
						<line number="38" hits="1"/>
						<line number="44" hits="1"/>
						<line number="45" hits="1"/>
						<line number="46" hits="1"/>
						<line number="49" hits="1"/>
						<line number="54" hits="1" branch="true" condition-coverage="50% (1/2)" missing-branches="57"/>
						<line number="55" hits="1"/>
						<line number="57" hits="0"/>
						<line number="60" hits="1"/>
						<line number="61" hits="0"/>
						<line number="65" hits="1"/>
						<line number="68" hits="1" branch="true" condition-coverage="50% (1/2)" missing-branches="70"/>
						<line number="70" hits="0"/>
						<line number="73" hits="0"/>
						<line number="77" hits="1"/>
						<line number="80" hits="1"/>
						<line number="81" hits="1"/>
						<line number="82" hits="1"/>
						<line number="85" hits="1"/>
						<line number="94" hits="1"/>
						<line number="97" hits="1"/>
						<line number="100" hits="1"/>
						<line number="105" hits="1"/>
						<line number="106" hits="0"/>
						<line number="108" hits="0"/>
						<line number="109" hits="0"/>
						<line number="110" hits="0"/>
						<line number="111" hits="0" branch="true" condition-coverage="0% (0/2)" missing-branches="112,118"/>
						<line number="112" hits="0"/>
						<line number="113" hits="0"/>
						<line number="114" hits="0"/>
						<line number="115" hits="0"/>
						<line number="117" hits="0"/>
						<line number="118" hits="0"/>
						<line number="121" hits="1"/>
						<line number="123" hits="0"/>
						<line number="124" hits="0" branch="true" condition-coverage="0% (0/2)" missing-branches="125,127"/>
						<line number="125" hits="0"/>
						<line number="127" hits="0"/>
						<line number="128" hits="0"/>
						<line number="130" hits="0" branch="true" condition-coverage="0% (0/2)" missing-branches="exit,exit"/>
						<line number="140" hits="1"/>
						<line number="170" hits="1"/>
						<line number="171" hits="1"/>
						<line number="172" hits="0"/>
						<line number="173" hits="0"/>
						<line number="178" hits="1" branch="true" condition-coverage="100% (2/2)"/>
						<line number="188" hits="1" branch="true" condition-coverage="50% (1/2)" missing-branches="189"/>
						<line number="189" hits="0"/>
						<line number="194" hits="1" branch="true" condition-coverage="50% (1/2)" missing-branches="197"/>
						<line number="197" hits="0"/>
						<line number="199" hits="1" branch="true" condition-coverage="50% (1/2)" missing-branches="200"/>
						<line number="200" hits="0"/>
						<line number="201" hits="1"/>
						<line number="204" hits="1" branch="true" condition-coverage="50% (1/2)" missing-branches="206"/>
						<line number="206" hits="0"/>
						<line number="207" hits="0"/>
						<line number="208" hits="0"/>
						<line number="212" hits="1"/>
						<line number="215" hits="1"/>
						<line number="219" hits="0" branch="true" condition-coverage="0% (0/2)" missing-branches="exit,exit"/>
						<line number="227" hits="1" branch="true" condition-coverage="100% (2/2)"/>
						<line number="230" hits="1"/>
						<line number="235" hits="1"/>
						<line number="236" hits="0"/>
						<line number="239" hits="1"/>
						<line number="242" hits="1"/>
						<line number="243" hits="0"/>
						<line number="246" hits="1"/>
						<line number="263" hits="0" branch="true" condition-coverage="0% (0/2)" missing-branches="264,266"/>
						<line number="264" hits="0"/>
						<line number="266" hits="0"/>
						<line number="267" hits="0"/>
						<line number="270" hits="1" branch="true" condition-coverage="100% (2/2)"/>
						<line number="271" hits="1"/>
						<line number="279" hits="1"/>
						<line number="282" hits="1"/>
						<line number="285" hits="1"/>
						<line number="286" hits="1" branch="true" condition-coverage="50% (1/2)" missing-branches="299"/>
						<line number="290" hits="1"/>
						<line number="291" hits="1" branch="true" condition-coverage="100% (2/2)"/>
						<line number="292" hits="1"/>
						<line number="293" hits="1"/>
						<line number="294" hits="1"/>
						<line number="295" hits="1" branch="true" condition-coverage="50% (1/2)" missing-branches="297"/>
						<line number="296" hits="1"/>
						<line number="297" hits="0"/>
						<line number="299" hits="0"/>
						<line number="301" hits="0"/>
						<line number="306" hits="1" branch="true" condition-coverage="50% (1/2)" missing-branches="307"/>
						<line number="307" hits="0"/>
						<line number="308" hits="1"/>
						<line number="311" hits="1"/>
						<line number="315" hits="1"/>
						<line number="316" hits="1"/>
						<line number="317" hits="1"/>
						<line number="320" hits="1" branch="true" condition-coverage="50% (1/2)" missing-branches="321"/>
						<line number="321" hits="0"/>
						<line number="322" hits="1"/>
						<line number="325" hits="1"/>
						<line number="326" hits="0"/>
						<line number="327" hits="0"/>
						<line number="328" hits="0"/>
						<line number="329" hits="0"/>
						<line number="332" hits="1"/>
						<line number="341" hits="1"/>
						<line number="342" hits="1"/>
						<line number="343" hits="1"/>
						<line number="344" hits="1"/>
						<line number="347" hits="1"/>
						<line number="349" hits="1"/>
						<line number="350" hits="1"/>
						<line number="351" hits="0"/>
						<line number="352" hits="0"/>
						<line number="355" hits="1" branch="true" condition-coverage="50% (1/2)" missing-branches="357"/>
						<line number="357" hits="0"/>
						<line number="358" hits="0"/>
						<line number="361" hits="1" branch="true" condition-coverage="50% (1/2)" missing-branches="362"/>
						<line number="362" hits="0" branch="true" condition-coverage="0% (0/2)" missing-branches="363,365"/>
						<line number="363" hits="0"/>
						<line number="365" hits="0"/>
						<line number="366" hits="1" branch="true" condition-coverage="50% (1/2)" missing-branches="370"/>
						<line number="367" hits="1"/>
						<line number="370" hits="0"/>
						<line number="371" hits="0"/>
						<line number="374" hits="1" branch="true" condition-coverage="50% (1/2)" missing-branches="377"/>
						<line number="375" hits="1"/>
						<line number="377" hits="0"/>
						<line number="380" hits="1" branch="true" condition-coverage="50% (1/2)" missing-branches="384"/>
						<line number="381" hits="1"/>
						<line number="384" hits="0"/>
						<line number="385" hits="0"/>
						<line number="387" hits="0"/>
						<line number="388" hits="0"/>
						<line number="389" hits="0"/>
						<line number="391" hits="0"/>
						<line number="392" hits="0"/>
						<line number="395" hits="0"/>
						<line number="397" hits="0"/>
						<line number="398" hits="0"/>
						<line number="401" hits="0"/>
						<line number="403" hits="0"/>
						<line number="404" hits="0" branch="true" condition-coverage="0% (0/2)" missing-branches="405,406"/>
						<line number="405" hits="0"/>
						<line number="406" hits="0"/>
						<line number="407" hits="0"/>
						<line number="414" hits="1" branch="true" condition-coverage="50% (1/2)" missing-branches="417"/>
						<line number="415" hits="1"/>
						<line number="417" hits="0"/>
						<line number="419" hits="0"/>
						<line number="453" hits="1"/>
						<line number="454" hits="0"/>
					</lines>
				</class>
				<class name="debugging.py" filename=".venv/lib/python3.8/site-packages/_pytest/debugging.py" complexity="0" line-rate="0.2952" branch-rate="0.04688">
					<methods/>
					<lines>
						<line number="2" hits="1"/>
						<line number="3" hits="1"/>
						<line number="4" hits="1"/>
						<line number="5" hits="1"/>
						<line number="6" hits="1"/>
						<line number="7" hits="1"/>
						<line number="8" hits="1"/>
						<line number="9" hits="1"/>
						<line number="10" hits="1"/>
						<line number="11" hits="1"/>
						<line number="12" hits="1"/>
						<line number="14" hits="1"/>
						<line number="15" hits="1"/>
						<line number="16" hits="1"/>
						<line number="17" hits="1"/>
						<line number="18" hits="1"/>
						<line number="19" hits="1"/>
						<line number="20" hits="1"/>
						<line number="21" hits="1"/>
						<line number="22" hits="1"/>
						<line number="23" hits="1"/>
						<line number="24" hits="1"/>
						<line number="26" hits="1" branch="true" condition-coverage="50% (1/2)" missing-branches="27"/>
						<line number="27" hits="0"/>
						<line number="29" hits="0"/>
						<line number="30" hits="0"/>
						<line number="33" hits="1"/>
						<line number="35" hits="0"/>
						<line number="36" hits="0"/>
						<line number="37" hits="0"/>
						<line number="38" hits="0"/>
						<line number="41" hits="0"/>
						<line number="44" hits="1"/>
						<line number="45" hits="1"/>
						<line number="46" hits="1"/>
						<line number="52" hits="1"/>
						<line number="60" hits="1"/>
						<line number="68" hits="1"/>
						<line number="69" hits="1"/>
						<line number="71" hits="1" branch="true" condition-coverage="50% (1/2)" missing-branches="72"/>
						<line number="72" hits="0"/>
						<line number="73" hits="1" branch="true" condition-coverage="50% (1/2)" missing-branches="74"/>
						<line number="74" hits="0"/>
						<line number="76" hits="1"/>
						<line number="79" hits="1"/>
						<line number="80" hits="1"/>
						<line number="81" hits="1"/>
						<line number="85" hits="1"/>
						<line number="86" hits="1"/>
						<line number="92" hits="1"/>
						<line number="95" hits="1"/>
						<line number="98" hits="1"/>
						<line number="99" hits="1"/>
						<line number="100" hits="1"/>
						<line number="103" hits="1"/>
						<line number="104" hits="1"/>
						<line number="106" hits="1"/>
						<line number="107" hits="1"/>
						<line number="108" hits="0" branch="true" condition-coverage="0% (0/2)" missing-branches="109,110"/>
						<line number="109" hits="0"/>
						<line number="110" hits="0"/>
						<line number="112" hits="1"/>
						<line number="113" hits="1"/>
						<line number="114" hits="0" branch="true" condition-coverage="0% (0/2)" missing-branches="115,120"/>
						<line number="115" hits="0"/>
						<line number="118" hits="0"/>
						<line number="120" hits="0"/>
						<line number="122" hits="0" branch="true" condition-coverage="0% (0/2)" missing-branches="123,125"/>
						<line number="123" hits="0"/>
						<line number="125" hits="0" branch="true" condition-coverage="0% (0/2)" missing-branches="126,143"/>
						<line number="126" hits="0"/>
						<line number="128" hits="0"/>
						<line number="129" hits="0"/>
						<line number="130" hits="0"/>
						<line number="133" hits="0"/>
						<line number="134" hits="0"/>
						<line number="135" hits="0" branch="true" condition-coverage="0% (0/2)" missing-branches="136,147"/>
						<line number="136" hits="0"/>
						<line number="137" hits="0"/>
						<line number="138" hits="0"/>
						<line number="139" hits="0"/>
						<line number="143" hits="0"/>
						<line number="145" hits="0"/>
						<line number="147" hits="0"/>
						<line number="148" hits="0"/>
						<line number="149" hits="0"/>
						<line number="151" hits="1"/>
						<line number="152" hits="1"/>
						<line number="153" hits="0"/>
						<line number="157" hits="0"/>
						<line number="158" hits="0"/>
						<line number="159" hits="0"/>
						<line number="161" hits="0"/>
						<line number="162" hits="0"/>
						<line number="163" hits="0"/>
						<line number="164" hits="0"/>
						<line number="165" hits="0"/>
						<line number="167" hits="0"/>
						<line number="168" hits="0"/>
						<line number="169" hits="0" branch="true" condition-coverage="0% (0/2)" missing-branches="170,188"/>
						<line number="170" hits="0"/>
						<line number="171" hits="0"/>
						<line number="173" hits="0"/>
						<line number="174" hits="0"/>
						<line number="175" hits="0" branch="true" condition-coverage="0% (0/2)" missing-branches="176,187"/>
						<line number="176" hits="0" branch="true" condition-coverage="0% (0/2)" missing-branches="177,179"/>
						<line number="177" hits="0"/>
						<line number="179" hits="0"/>
						<line number="184" hits="0"/>
						<line number="185" hits="0"/>
						<line number="187" hits="0"/>
						<line number="188" hits="0"/>
						<line number="189" hits="0"/>
						<line number="190" hits="0"/>
						<line number="191" hits="0"/>
						<line number="193" hits="0"/>
						<line number="195" hits="0"/>
						<line number="202" hits="0"/>
						<line number="204" hits="0" branch="true" condition-coverage="0% (0/2)" missing-branches="205,207"/>
						<line number="205" hits="0"/>
						<line number="207" hits="0"/>
						<line number="209" hits="0"/>
						<line number="210" hits="0"/>
						<line number="212" hits="0"/>
						<line number="218" hits="0"/>
						<line number="219" hits="0" branch="true" condition-coverage="0% (0/2)" missing-branches="222,224"/>
						<line number="222" hits="0" branch="true" condition-coverage="0% (0/2)" missing-branches="223,224"/>
						<line number="223" hits="0"/>
						<line number="224" hits="0"/>
						<line number="226" hits="0"/>
						<line number="227" hits="0"/>
						<line number="228" hits="0" branch="true" condition-coverage="0% (0/2)" missing-branches="230,233"/>
						<line number="230" hits="0"/>
						<line number="231" hits="0" branch="true" condition-coverage="0% (0/2)" missing-branches="232,233"/>
						<line number="232" hits="0"/>
						<line number="233" hits="0"/>
						<line number="235" hits="0"/>
						<line number="237" hits="1"/>
						<line number="238" hits="1"/>
						<line number="240" hits="0"/>
						<line number="242" hits="0" branch="true" condition-coverage="0% (0/2)" missing-branches="243,245"/>
						<line number="243" hits="0"/>
						<line number="245" hits="0"/>
						<line number="246" hits="0" branch="true" condition-coverage="0% (0/2)" missing-branches="247,249"/>
						<line number="247" hits="0"/>
						<line number="249" hits="0" branch="true" condition-coverage="0% (0/2)" missing-branches="250,271"/>
						<line number="250" hits="0"/>
						<line number="251" hits="0"/>
						<line number="253" hits="0" branch="true" condition-coverage="0% (0/2)" missing-branches="255,271"/>
						<line number="255" hits="0"/>
						<line number="256" hits="0" branch="true" condition-coverage="0% (0/2)" missing-branches="257,259"/>
						<line number="257" hits="0"/>
						<line number="259" hits="0"/>
						<line number="260" hits="0" branch="true" condition-coverage="0% (0/2)" missing-branches="261,262"/>
						<line number="261" hits="0"/>
						<line number="262" hits="0" branch="true" condition-coverage="0% (0/2)" missing-branches="263,269"/>
						<line number="263" hits="0"/>
						<line number="269" hits="0"/>
						<line number="271" hits="0"/>
						<line number="273" hits="0" branch="true" condition-coverage="0% (0/2)" missing-branches="274,275"/>
						<line number="274" hits="0"/>
						<line number="275" hits="0"/>
						<line number="277" hits="1"/>
						<line number="278" hits="1"/>
						<line number="280" hits="0"/>
						<line number="281" hits="0"/>
						<line number="282" hits="0"/>
						<line number="285" hits="1"/>
						<line number="286" hits="1"/>
						<line number="289" hits="0"/>
						<line number="290" hits="0" branch="true" condition-coverage="0% (0/2)" missing-branches="291,295"/>
						<line number="291" hits="0"/>
						<line number="292" hits="0"/>
						<line number="293" hits="0"/>
						<line number="294" hits="0"/>
						<line number="295" hits="0"/>
						<line number="296" hits="0"/>
						<line number="298" hits="1"/>
						<line number="299" hits="0"/>
						<line number="300" hits="0"/>
						<line number="303" hits="1"/>
						<line number="304" hits="1"/>
						<line number="305" hits="1"/>
						<line number="306" hits="0"/>
						<line number="307" hits="0"/>
						<line number="310" hits="1"/>
						<line number="315" hits="0"/>
						<line number="316" hits="0"/>
						<line number="321" hits="0"/>
						<line number="322" hits="0"/>
						<line number="323" hits="0"/>
						<line number="324" hits="0"/>
						<line number="326" hits="0"/>
						<line number="329" hits="1"/>
						<line number="332" hits="0" branch="true" condition-coverage="0% (0/2)" missing-branches="exit,333"/>
						<line number="333" hits="0"/>
						<line number="336" hits="1"/>
						<line number="342" hits="0"/>
						<line number="343" hits="0"/>
						<line number="345" hits="0"/>
						<line number="347" hits="0" branch="true" condition-coverage="0% (0/2)" missing-branches="352,358"/>
						<line number="352" hits="0" branch="true" condition-coverage="0% (0/2)" missing-branches="347,353"/>
						<line number="353" hits="0"/>
						<line number="354" hits="0" branch="true" condition-coverage="0% (0/2)" missing-branches="355,356"/>
						<line number="355" hits="0"/>
						<line number="356" hits="0"/>
						<line number="358" hits="0"/>
						<line number="359" hits="0"/>
						<line number="360" hits="0"/>
						<line number="361" hits="0"/>
						<line number="362" hits="0"/>
						<line number="363" hits="0"/>
						<line number="364" hits="0"/>
						<line number="367" hits="1"/>
						<line number="368" hits="0"/>
						<line number="370" hits="0" branch="true" condition-coverage="0% (0/2)" missing-branches="373,374"/>
						<line number="373" hits="0"/>
						<line number="374" hits="0" branch="true" condition-coverage="0% (0/2)" missing-branches="377,379"/>
						<line number="377" hits="0"/>
						<line number="379" hits="0"/>
						<line number="380" hits="0"/>
						<line number="383" hits="1"/>
						<line number="384" hits="0"/>
						<line number="385" hits="0"/>
						<line number="386" hits="0"/>
						<line number="387" hits="0" branch="true" condition-coverage="0% (0/2)" missing-branches="exit,388"/>
						<line number="388" hits="0"/>
					</lines>
				</class>
				<class name="deprecated.py" filename=".venv/lib/python3.8/site-packages/_pytest/deprecated.py" complexity="0" line-rate="1" branch-rate="1">
					<methods/>
					<lines>
						<line number="11" hits="1"/>
						<line number="12" hits="1"/>
						<line number="16" hits="1"/>
						<line number="23" hits="1"/>
						<line number="28" hits="1"/>
						<line number="35" hits="1"/>
						<line number="39" hits="1"/>
						<line number="44" hits="1"/>
						<line number="49" hits="1"/>
					</lines>
				</class>
				<class name="doctest.py" filename=".venv/lib/python3.8/site-packages/_pytest/doctest.py" complexity="0" line-rate="0.302" branch-rate="0.08036">
					<methods/>
					<lines>
						<line number="2" hits="1"/>
						<line number="3" hits="1"/>
						<line number="4" hits="1"/>
						<line number="5" hits="1"/>
						<line number="6" hits="1"/>
						<line number="7" hits="1"/>
						<line number="8" hits="1"/>
						<line number="9" hits="1"/>
						<line number="10" hits="1"/>
						<line number="11" hits="1"/>
						<line number="12" hits="1"/>
						<line number="13" hits="1"/>
						<line number="14" hits="1"/>
						<line number="15" hits="1"/>
						<line number="16" hits="1"/>
						<line number="17" hits="1"/>
						<line number="18" hits="1"/>
						<line number="19" hits="1"/>
						<line number="20" hits="1"/>
						<line number="22" hits="1"/>
						<line number="24" hits="1"/>
						<line number="25" hits="1"/>
						<line number="26" hits="1"/>
						<line number="27" hits="1"/>
						<line number="28" hits="1"/>
						<line number="29" hits="1"/>
						<line number="30" hits="1"/>
						<line number="31" hits="1"/>
						<line number="32" hits="1"/>
						<line number="33" hits="1"/>
						<line number="34" hits="1"/>
						<line number="35" hits="1"/>
						<line number="36" hits="1"/>
						<line number="37" hits="1"/>
						<line number="38" hits="1"/>
						<line number="39" hits="1"/>
						<line number="41" hits="1" branch="true" condition-coverage="50% (1/2)" missing-branches="42"/>
						<line number="42" hits="0"/>
						<line number="43" hits="0"/>
						<line number="45" hits="1"/>
						<line number="46" hits="1"/>
						<line number="47" hits="1"/>
						<line number="48" hits="1"/>
						<line number="49" hits="1"/>
						<line number="51" hits="1"/>
						<line number="60" hits="1"/>
						<line number="62" hits="1"/>
						<line number="65" hits="1"/>
						<line number="66" hits="1"/>
						<line number="72" hits="1"/>
						<line number="75" hits="1"/>
						<line number="76" hits="1"/>
						<line number="83" hits="1"/>
						<line number="91" hits="1"/>
						<line number="99" hits="1"/>
						<line number="106" hits="1"/>
						<line number="115" hits="1"/>
						<line number="118" hits="1"/>
						<line number="121" hits="1"/>
						<line number="124" hits="1"/>
						<line number="125" hits="1" branch="true" condition-coverage="100% (2/2)"/>
						<line number="126" hits="1" branch="true" condition-coverage="50% (1/2)" missing-branches="127"/>
						<line number="127" hits="0"/>
						<line number="128" hits="0"/>
						<line number="129" hits="1" branch="true" condition-coverage="50% (1/2)" missing-branches="130"/>
						<line number="130" hits="0"/>
						<line number="131" hits="0"/>
						<line number="132" hits="1"/>
						<line number="135" hits="1"/>
						<line number="136" hits="0" branch="true" condition-coverage="0% (0/2)" missing-branches="137,138"/>
						<line number="137" hits="0"/>
						<line number="138" hits="0"/>
						<line number="139" hits="0"/>
						<line number="142" hits="1"/>
						<line number="143" hits="1" branch="true" condition-coverage="50% (1/2)" missing-branches="144"/>
						<line number="144" hits="0"/>
						<line number="145" hits="1"/>
						<line number="146" hits="1" branch="true" condition-coverage="100% (2/2)"/>
						<line number="147" hits="1" branch="true" condition-coverage="50% (1/2)" missing-branches="148"/>
						<line number="148" hits="0"/>
						<line number="149" hits="1"/>
						<line number="152" hits="1"/>
						<line number="153" hits="1"/>
						<line number="156" hits="0"/>
						<line number="158" hits="1"/>
						<line number="159" hits="0" branch="true" condition-coverage="0% (0/2)" missing-branches="exit,160"/>
						<line number="160" hits="0" branch="true" condition-coverage="0% (0/2)" missing-branches="161,162"/>
						<line number="161" hits="0"/>
						<line number="162" hits="0"/>
						<line number="165" hits="1"/>
						<line number="166" hits="1"/>
						<line number="167" hits="0"/>
						<line number="168" hits="0"/>
						<line number="171" hits="1"/>
						<line number="172" hits="0"/>
						<line number="174" hits="0"/>
						<line number="181" hits="0"/>
						<line number="188" hits="0"/>
						<line number="191" hits="0"/>
						<line number="193" hits="0"/>
						<line number="196" hits="0"/>
						<line number="197" hits="0" branch="true" condition-coverage="0% (0/2)" missing-branches="198,200"/>
						<line number="198" hits="0"/>
						<line number="200" hits="0"/>
						<line number="202" hits="0"/>
						<line number="209" hits="0" branch="true" condition-coverage="0% (0/2)" missing-branches="210,211"/>
						<line number="210" hits="0"/>
						<line number="211" hits="0" branch="true" condition-coverage="0% (0/2)" missing-branches="212,213"/>
						<line number="212" hits="0"/>
						<line number="213" hits="0"/>
						<line number="214" hits="0" branch="true" condition-coverage="0% (0/2)" missing-branches="215,217"/>
						<line number="215" hits="0"/>
						<line number="217" hits="0"/>
						<line number="219" hits="0"/>
						<line number="222" hits="1"/>
						<line number="230" hits="0" branch="true" condition-coverage="0% (0/2)" missing-branches="231,234"/>
						<line number="231" hits="0"/>
						<line number="234" hits="0"/>
						<line number="242" hits="1"/>
						<line number="243" hits="1"/>
						<line number="250" hits="0"/>
						<line number="251" hits="0"/>
						<line number="252" hits="0"/>
						<line number="253" hits="0"/>
						<line number="254" hits="0"/>
						<line number="256" hits="1"/>
						<line number="257" hits="1"/>
						<line number="267" hits="0"/>
						<line number="269" hits="1"/>
						<line number="270" hits="0" branch="true" condition-coverage="0% (0/2)" missing-branches="exit,271"/>
						<line number="271" hits="0"/>
						<line number="272" hits="0"/>
						<line number="273" hits="0" branch="true" condition-coverage="0% (0/2)" missing-branches="276,277"/>
						<line number="276" hits="0"/>
						<line number="277" hits="0"/>
						<line number="279" hits="1"/>
						<line number="280" hits="0"/>
						<line number="281" hits="0"/>
						<line number="282" hits="0"/>
						<line number="283" hits="0"/>
						<line number="284" hits="0"/>
						<line number="287" hits="0"/>
						<line number="288" hits="0" branch="true" condition-coverage="0% (0/2)" missing-branches="exit,289"/>
						<line number="289" hits="0"/>
						<line number="291" hits="1"/>
						<line number="293" hits="0" branch="true" condition-coverage="0% (0/2)" missing-branches="294,295"/>
						<line number="294" hits="0"/>
						<line number="295" hits="0"/>
						<line number="296" hits="0" branch="true" condition-coverage="0% (0/2)" missing-branches="exit,297"/>
						<line number="297" hits="0"/>
						<line number="298" hits="0"/>
						<line number="299" hits="0"/>
						<line number="300" hits="0"/>
						<line number="303" hits="1"/>
						<line number="306" hits="0"/>
						<line number="308" hits="0"/>
						<line number="311" hits="0" branch="true" condition-coverage="0% (0/2)" missing-branches="314,315"/>
						<line number="314" hits="0"/>
						<line number="315" hits="0" branch="true" condition-coverage="0% (0/2)" missing-branches="316,318"/>
						<line number="316" hits="0"/>
						<line number="318" hits="0" branch="true" condition-coverage="0% (0/2)" missing-branches="319,368"/>
						<line number="319" hits="0"/>
						<line number="320" hits="0" branch="true" condition-coverage="0% (0/2)" missing-branches="321,366"/>
						<line number="321" hits="0"/>
						<line number="322" hits="0"/>
						<line number="323" hits="0"/>
						<line number="324" hits="0" branch="true" condition-coverage="0% (0/2)" missing-branches="325,327"/>
						<line number="325" hits="0"/>
						<line number="327" hits="0"/>
						<line number="328" hits="0"/>
						<line number="330" hits="0"/>
						<line number="331" hits="0"/>
						<line number="332" hits="0"/>
						<line number="335" hits="0" branch="true" condition-coverage="0% (0/2)" missing-branches="336,347"/>
						<line number="336" hits="0"/>
						<line number="337" hits="0"/>
						<line number="339" hits="0"/>
						<line number="340" hits="0" branch="true" condition-coverage="0% (0/2)" missing-branches="exit,345"/>
						<line number="345" hits="0"/>
						<line number="347" hits="0"/>
						<line number="350" hits="0"/>
						<line number="351" hits="0" branch="true" condition-coverage="0% (0/2)" missing-branches="352,354"/>
						<line number="352" hits="0"/>
						<line number="353" hits="0"/>
						<line number="354" hits="0" branch="true" condition-coverage="0% (0/2)" missing-branches="355,359"/>
						<line number="355" hits="0"/>
						<line number="359" hits="0"/>
						<line number="360" hits="0"/>
						<line number="361" hits="0" branch="true" condition-coverage="0% (0/2)" missing-branches="exit,365"/>
						<line number="365" hits="0"/>
						<line number="366" hits="0"/>
						<line number="368" hits="0"/>
						<line number="370" hits="1"/>
						<line number="371" hits="0"/>
						<line number="372" hits="0"/>
						<line number="375" hits="1"/>
						<line number="376" hits="0"/>
						<line number="378" hits="0"/>
						<line number="391" hits="1"/>
						<line number="392" hits="0"/>
						<line number="393" hits="0"/>
						<line number="394" hits="0"/>
						<line number="395" hits="0" branch="true" condition-coverage="0% (0/2)" missing-branches="396,397"/>
						<line number="396" hits="0"/>
						<line number="397" hits="0"/>
						<line number="400" hits="1"/>
						<line number="401" hits="0"/>
						<line number="402" hits="0" branch="true" condition-coverage="0% (0/2)" missing-branches="405,407"/>
						<line number="405" hits="0" branch="true" condition-coverage="0% (0/2)" missing-branches="406,407"/>
						<line number="406" hits="0"/>
						<line number="407" hits="0"/>
						<line number="410" hits="1"/>
						<line number="411" hits="1"/>
						<line number="413" hits="1"/>
						<line number="414" hits="0"/>
						<line number="418" hits="0"/>
						<line number="419" hits="0"/>
						<line number="420" hits="0"/>
						<line number="421" hits="0"/>
						<line number="422" hits="0"/>
						<line number="424" hits="0"/>
						<line number="426" hits="0"/>
						<line number="433" hits="0"/>
						<line number="434" hits="0"/>
						<line number="435" hits="0" branch="true" condition-coverage="0% (0/2)" missing-branches="exit,436"/>
						<line number="436" hits="0"/>
						<line number="441" hits="1"/>
						<line number="444" hits="0"/>
						<line number="446" hits="0" branch="true" condition-coverage="0% (0/2)" missing-branches="exit,447"/>
						<line number="447" hits="0" branch="true" condition-coverage="0% (0/2)" missing-branches="exit,448"/>
						<line number="448" hits="0"/>
						<line number="451" hits="1"/>
						<line number="454" hits="0"/>
						<line number="460" hits="1"/>
						<line number="461" hits="1"/>
						<line number="464" hits="0"/>
						<line number="466" hits="0"/>
						<line number="469" hits="0"/>
						<line number="470" hits="0" branch="true" condition-coverage="0% (0/2)" missing-branches="471,472"/>
						<line number="471" hits="0"/>
						<line number="472" hits="0"/>
[...]
						<line number="927" hits="0"/>
						<line number="928" hits="0"/>
						<line number="930" hits="0"/>
						<line number="931" hits="1"/>
						<line number="933" hits="1"/>
						<line number="934" hits="1"/>
						<line number="935" hits="1" branch="true" condition-coverage="100% (2/2)"/>
						<line number="936" hits="1"/>
						<line number="937" hits="1"/>
						<line number="939" hits="1"/>
						<line number="940" hits="1"/>
						<line number="941" hits="1"/>
						<line number="942" hits="1"/>
						<line number="943" hits="1" branch="true" condition-coverage="100% (2/2)"/>
						<line number="944" hits="1"/>
						<line number="945" hits="1" branch="true" condition-coverage="100% (2/2)"/>
						<line number="946" hits="1"/>
						<line number="950" hits="1"/>
						<line number="951" hits="1"/>
						<line number="952" hits="1"/>
						<line number="953" hits="1"/>
						<line number="954" hits="1"/>
						<line number="955" hits="1" branch="true" condition-coverage="100% (2/2)"/>
						<line number="956" hits="1" branch="true" condition-coverage="100% (2/2)"/>
						<line number="957" hits="1" branch="true" condition-coverage="100% (2/2)"/>
						<line number="958" hits="1"/>
						<line number="959" hits="1" branch="true" condition-coverage="50% (1/2)" missing-branches="961"/>
						<line number="961" hits="0"/>
						<line number="962" hits="0"/>
						<line number="963" hits="1"/>
						<line number="964" hits="1" branch="true" condition-coverage="100% (2/2)"/>
						<line number="965" hits="1"/>
						<line number="966" hits="1" branch="true" condition-coverage="100% (2/2)"/>
						<line number="967" hits="1"/>
						<line number="968" hits="1"/>
						<line number="969" hits="1" branch="true" condition-coverage="50% (1/2)" missing-branches="970"/>
						<line number="970" hits="0"/>
						<line number="971" hits="0"/>
						<line number="972" hits="0"/>
						<line number="975" hits="1"/>
						<line number="977" hits="1"/>
						<line number="982" hits="1"/>
						<line number="983" hits="1" branch="true" condition-coverage="100% (2/2)"/>
						<line number="985" hits="1"/>
						<line number="986" hits="1"/>
						<line number="987" hits="1"/>
						<line number="988" hits="1"/>
						<line number="989" hits="1" branch="true" condition-coverage="100% (2/2)"/>
						<line number="990" hits="1" branch="true" condition-coverage="100% (2/2)"/>
						<line number="991" hits="1"/>
						<line number="992" hits="1" branch="true" condition-coverage="50% (1/2)" missing-branches="997"/>
						<line number="997" hits="0"/>
						<line number="998" hits="0"/>
						<line number="999" hits="0" branch="true" condition-coverage="0% (0/2)" missing-branches="1000,1002"/>
						<line number="1000" hits="0"/>
						<line number="1002" hits="0"/>
						<line number="1003" hits="1"/>
						<line number="1005" hits="1"/>
						<line number="1006" hits="1"/>
						<line number="1007" hits="1"/>
						<line number="1008" hits="1"/>
						<line number="1009" hits="1" branch="true" condition-coverage="100% (2/2)"/>
						<line number="1010" hits="1" branch="true" condition-coverage="100% (2/2)"/>
						<line number="1011" hits="1"/>
						<line number="1012" hits="1" branch="true" condition-coverage="100% (2/2)"/>
						<line number="1013" hits="1"/>
						<line number="1014" hits="1" branch="true" condition-coverage="100% (2/2)"/>
						<line number="1015" hits="1"/>
						<line number="1016" hits="1"/>
						<line number="1017" hits="1"/>
						<line number="1018" hits="1" branch="true" condition-coverage="100% (2/2)"/>
						<line number="1019" hits="1"/>
						<line number="1020" hits="1" branch="true" condition-coverage="50% (1/2)" missing-branches="1018"/>
						<line number="1021" hits="1"/>
						<line number="1022" hits="1" branch="true" condition-coverage="100% (2/2)"/>
						<line number="1023" hits="1" branch="true" condition-coverage="50% (1/2)" missing-branches="1024"/>
						<line number="1024" hits="0"/>
						<line number="1026" hits="1"/>
						<line number="1027" hits="1"/>
						<line number="1028" hits="1"/>
						<line number="1030" hits="1"/>
						<line number="1031" hits="0"/>
						<line number="1033" hits="1"/>
						<line number="1034" hits="1"/>
						<line number="1037" hits="1"/>
						<line number="1039" hits="1"/>
						<line number="1040" hits="0"/>
						<line number="1041" hits="0"/>
						<line number="1043" hits="1"/>
						<line number="1044" hits="0"/>
						<line number="1046" hits="1"/>
						<line number="1047" hits="0" branch="true" condition-coverage="0% (0/2)" missing-branches="1048,1050"/>
						<line number="1048" hits="0"/>
						<line number="1050" hits="0"/>
						<line number="1051" hits="0"/>
					</lines>
				</class>
				<class name="encoder.py" filename=".venv/lib/python3.8/site-packages/toml/encoder.py" complexity="0" line-rate="0.1624" branch-rate="0.009434">
					<methods/>
					<lines>
						<line number="1" hits="1"/>
						<line number="2" hits="1"/>
						<line number="3" hits="1"/>
						<line number="4" hits="1"/>
						<line number="6" hits="1"/>
						<line number="8" hits="1" branch="true" condition-coverage="50% (1/2)" missing-branches="12"/>
						<line number="9" hits="1"/>
						<line number="12" hits="1"/>
						<line number="27" hits="0" branch="true" condition-coverage="0% (0/2)" missing-branches="28,29"/>
						<line number="28" hits="0"/>
						<line number="29" hits="0"/>
						<line number="30" hits="0"/>
						<line number="31" hits="0"/>
						<line number="34" hits="1"/>
						<line number="57" hits="0"/>
						<line number="58" hits="0" branch="true" condition-coverage="0% (0/2)" missing-branches="59,60"/>
						<line number="59" hits="0"/>
						<line number="60" hits="0"/>
						<line number="61" hits="0"/>
						<line number="62" hits="0"/>
						<line number="63" hits="0" branch="true" condition-coverage="0% (0/2)" missing-branches="64,83"/>
						<line number="64" hits="0" branch="true" condition-coverage="0% (0/2)" missing-branches="exit,65"/>
						<line number="65" hits="0" branch="true" condition-coverage="0% (0/2)" missing-branches="66,68"/>
						<line number="66" hits="0" branch="true" condition-coverage="0% (0/2)" missing-branches="65,67"/>
						<line number="67" hits="0"/>
						<line number="68" hits="0"/>
						<line number="69" hits="0"/>
						<line number="70" hits="0" branch="true" condition-coverage="0% (0/2)" missing-branches="71,82"/>
						<line number="71" hits="0"/>
						<line number="74" hits="0" branch="true" condition-coverage="0% (0/2)" missing-branches="75,80"/>
						<line number="75" hits="0" branch="true" condition-coverage="0% (0/2)" missing-branches="76,77"/>
						<line number="76" hits="0"/>
						<line number="77" hits="0"/>
						<line number="78" hits="0" branch="true" condition-coverage="0% (0/2)" missing-branches="79,80"/>
						<line number="79" hits="0"/>
						<line number="80" hits="0" branch="true" condition-coverage="0% (0/2)" missing-branches="70,81"/>
						<line number="81" hits="0"/>
						<line number="82" hits="0"/>
						<line number="83" hits="0"/>
						<line number="86" hits="1"/>
						<line number="87" hits="0" branch="true" condition-coverage="0% (0/2)" missing-branches="88,89"/>
						<line number="88" hits="0"/>
						<line number="89" hits="0"/>
						<line number="90" hits="0" branch="true" condition-coverage="0% (0/2)" missing-branches="91,92"/>
						<line number="91" hits="0"/>
						<line number="92" hits="0"/>
						<line number="93" hits="0" branch="true" condition-coverage="0% (0/2)" missing-branches="94,95"/>
						<line number="94" hits="0"/>
						<line number="95" hits="0" branch="true" condition-coverage="0% (0/2)" missing-branches="96,98"/>
						<line number="96" hits="0"/>
						<line number="97" hits="0"/>
						<line number="98" hits="0"/>
						<line number="99" hits="0" branch="true" condition-coverage="0% (0/2)" missing-branches="100,114"/>
						<line number="100" hits="0"/>
						<line number="101" hits="0" branch="true" condition-coverage="0% (0/2)" missing-branches="102,103"/>
						<line number="102" hits="0"/>
						<line number="103" hits="0"/>
						<line number="105" hits="0"/>
						<line number="106" hits="0" branch="true" condition-coverage="0% (0/2)" missing-branches="107,109"/>
						<line number="107" hits="0"/>
						<line number="108" hits="0"/>
						<line number="109" hits="0" branch="true" condition-coverage="0% (0/2)" missing-branches="110,112"/>
						<line number="110" hits="0"/>
						<line number="112" hits="0"/>
						<line number="113" hits="0"/>
						<line number="114" hits="0"/>
						<line number="117" hits="1"/>
						<line number="118" hits="0"/>
						<line number="121" hits="1"/>
						<line number="122" hits="0"/>
						<line number="123" hits="0" branch="true" condition-coverage="0% (0/2)" missing-branches="124,126"/>
						<line number="124" hits="0"/>
						<line number="126" hits="0"/>
						<line number="129" hits="1"/>
						<line number="131" hits="1"/>
						<line number="132" hits="0"/>
						<line number="133" hits="0"/>
						<line number="134" hits="0" branch="true" condition-coverage="0% (0/2)" missing-branches="exit,exit"/>
						<line number="147" hits="1"/>
						<line number="148" hits="0"/>
						<line number="150" hits="1"/>
						<line number="151" hits="0"/>
						<line number="152" hits="0" branch="true" condition-coverage="0% (0/2)" missing-branches="153,154"/>
						<line number="153" hits="0"/>
						<line number="154" hits="0"/>
						<line number="155" hits="0"/>
						<line number="157" hits="1"/>
						<line number="163" hits="0"/>
						<line number="164" hits="0" branch="true" condition-coverage="0% (0/2)" missing-branches="165,172"/>
						<line number="165" hits="0"/>
						<line number="166" hits="0" branch="true" condition-coverage="0% (0/2)" missing-branches="167,169"/>
						<line number="167" hits="0"/>
						<line number="168" hits="0"/>
						<line number="169" hits="0"/>
						<line number="170" hits="0"/>
						<line number="172" hits="0"/>
						<line number="174" hits="1"/>
						<line number="176" hits="0"/>
						<line number="177" hits="0" branch="true" condition-coverage="0% (0/2)" missing-branches="178,180"/>
						<line number="178" hits="0"/>
						<line number="180" hits="0"/>
						<line number="182" hits="1"/>
						<line number="183" hits="0"/>
						<line number="184" hits="0" branch="true" condition-coverage="0% (0/2)" missing-branches="185,186"/>
						<line number="185" hits="0"/>
						<line number="186" hits="0"/>
						<line number="187" hits="0"/>
						<line number="188" hits="0" branch="true" condition-coverage="0% (0/2)" missing-branches="189,232"/>
						<line number="189" hits="0"/>
						<line number="190" hits="0"/>
						<line number="191" hits="0" branch="true" condition-coverage="0% (0/2)" missing-branches="192,193"/>
						<line number="192" hits="0"/>
						<line number="193" hits="0" branch="true" condition-coverage="0% (0/2)" missing-branches="194,227"/>
						<line number="194" hits="0"/>
						<line number="195" hits="0" branch="true" condition-coverage="0% (0/2)" missing-branches="196,199"/>
						<line number="196" hits="0" branch="true" condition-coverage="0% (0/2)" missing-branches="197,199"/>
						<line number="197" hits="0" branch="true" condition-coverage="0% (0/2)" missing-branches="196,198"/>
						<line number="198" hits="0"/>
						<line number="199" hits="0" branch="true" condition-coverage="0% (0/2)" missing-branches="200,224"/>
						<line number="200" hits="0" branch="true" condition-coverage="0% (0/2)" missing-branches="188,201"/>
						<line number="201" hits="0"/>
						<line number="202" hits="0"/>
						<line number="203" hits="0"/>
						<line number="204" hits="0" branch="true" condition-coverage="0% (0/2)" missing-branches="205,209"/>
						<line number="205" hits="0" branch="true" condition-coverage="0% (0/2)" missing-branches="206,208"/>
						<line number="206" hits="0"/>
						<line number="208" hits="0"/>
						<line number="209" hits="0" branch="true" condition-coverage="0% (0/2)" missing-branches="210,222"/>
						<line number="210" hits="0"/>
						<line number="211" hits="0" branch="true" condition-coverage="0% (0/2)" missing-branches="212,221"/>
						<line number="212" hits="0"/>
						<line number="215" hits="0" branch="true" condition-coverage="0% (0/2)" missing-branches="216,219"/>
						<line number="216" hits="0"/>
						<line number="218" hits="0"/>
						<line number="219" hits="0" branch="true" condition-coverage="0% (0/2)" missing-branches="211,220"/>
						<line number="220" hits="0"/>
						<line number="221" hits="0"/>
						<line number="222" hits="0"/>
						<line number="224" hits="0" branch="true" condition-coverage="0% (0/2)" missing-branches="188,225"/>
						<line number="225" hits="0"/>
						<line number="227" hits="0" branch="true" condition-coverage="0% (0/2)" missing-branches="228,231"/>
						<line number="228" hits="0"/>
						<line number="231" hits="0"/>
						<line number="232" hits="0"/>
						<line number="233" hits="0"/>
						<line number="236" hits="1"/>
						<line number="238" hits="1"/>
						<line number="239" hits="0"/>
						<line number="242" hits="1"/>
						<line number="244" hits="1"/>
						<line number="245" hits="0"/>
						<line number="246" hits="0" branch="true" condition-coverage="0% (0/2)" missing-branches="247,248"/>
						<line number="247" hits="0"/>
						<line number="248" hits="0" branch="true" condition-coverage="0% (0/2)" missing-branches="249,250"/>
						<line number="249" hits="0"/>
						<line number="250" hits="0"/>
						<line number="252" hits="1"/>
						<line number="253" hits="0"/>
						<line number="254" hits="0"/>
						<line number="255" hits="0" branch="true" condition-coverage="0% (0/2)" missing-branches="256,257"/>
						<line number="256" hits="0"/>
						<line number="257" hits="0" branch="true" condition-coverage="0% (0/2)" missing-branches="258,266"/>
						<line number="258" hits="0"/>
						<line number="259" hits="0" branch="true" condition-coverage="0% (0/2)" missing-branches="260,265"/>
						<line number="260" hits="0" branch="true" condition-coverage="0% (0/2)" missing-branches="261,264"/>
						<line number="261" hits="0" branch="true" condition-coverage="0% (0/2)" missing-branches="259,262"/>
						<line number="262" hits="0"/>
						<line number="264" hits="0"/>
						<line number="265" hits="0"/>
						<line number="266" hits="0"/>
						<line number="267" hits="0"/>
						<line number="270" hits="1"/>
						<line number="272" hits="1"/>
						<line number="273" hits="0"/>
						<line number="274" hits="0"/>
						<line number="275" hits="0"/>
						<line number="276" hits="0"/>
						<line number="277" hits="0"/>
						<line number="278" hits="0"/>
						<line number="279" hits="0"/>
						<line number="280" hits="0"/>
						<line number="282" hits="1"/>
						<line number="283" hits="0"/>
						<line number="286" hits="1"/>
						<line number="288" hits="1"/>
						<line number="289" hits="0"/>
						<line number="290" hits="0"/>
						<line number="291" hits="0" branch="true" condition-coverage="0% (0/2)" missing-branches="exit,exit"/>
						<line number="294" hits="1"/>
						<line number="296" hits="1"/>
						<line number="297" hits="0"/>
						<line number="299" hits="1"/>
						<line number="300" hits="0" branch="true" condition-coverage="0% (0/2)" missing-branches="301,304"/>
						<line number="301" hits="0"/>
						<line number="302" hits="0" branch="true" condition-coverage="0% (0/2)" missing-branches="303,304"/>
						<line number="303" hits="0"/>
						<line number="304" hits="0"/>
					</lines>
				</class>
				<class name="tz.py" filename=".venv/lib/python3.8/site-packages/toml/tz.py" complexity="0" line-rate="0.4" branch-rate="0">
					<methods/>
					<lines>
						<line number="1" hits="1"/>
						<line number="4" hits="1"/>
						<line number="5" hits="1"/>
						<line number="6" hits="0" branch="true" condition-coverage="0% (0/2)" missing-branches="7,9"/>
						<line number="7" hits="0"/>
						<line number="9" hits="0"/>
						<line number="10" hits="0"/>
						<line number="11" hits="0"/>
						<line number="12" hits="0"/>
						<line number="14" hits="1"/>
						<line number="15" hits="0"/>
						<line number="17" hits="1"/>
						<line number="18" hits="0"/>
						<line number="20" hits="1"/>
						<line number="21" hits="0"/>
					</lines>
				</class>
			</classes>
		</package>
		<package name="gendiff" line-rate="1" branch-rate="1" complexity="0">
			<classes>
				<class name="__init__.py" filename="gendiff/__init__.py" complexity="0" line-rate="1" branch-rate="1">
					<methods/>
					<lines>
						<line number="3" hits="1"/>
					</lines>
				</class>
			</classes>
		</package>
		<package name="gendiff.scripts" line-rate="0.7949" branch-rate="0.9167" complexity="0">
			<classes>
				<class name="__init__.py" filename="gendiff/scripts/__init__.py" complexity="0" line-rate="1" branch-rate="1">
					<methods/>
					<lines>
						<line number="3" hits="1"/>
					</lines>
				</class>
				<class name="gendiff.py" filename="gendiff/scripts/gendiff.py" complexity="0" line-rate="0.7895" branch-rate="0.9167">
					<methods/>
					<lines>
						<line number="2" hits="1"/>
						<line number="13" hits="1"/>
						<line number="14" hits="1"/>
						<line number="17" hits="1"/>
						<line number="22" hits="0"/>
						<line number="23" hits="0"/>
						<line number="24" hits="0"/>
						<line number="25" hits="0"/>
						<line number="26" hits="0"/>
						<line number="27" hits="0"/>
						<line number="28" hits="0"/>
						<line number="31" hits="1"/>
						<line number="43" hits="1"/>
						<line number="47" hits="1"/>
						<line number="48" hits="1" branch="true" condition-coverage="100% (2/2)"/>
						<line number="49" hits="1"/>
						<line number="50" hits="1" branch="true" condition-coverage="100% (2/2)"/>
						<line number="51" hits="1"/>
						<line number="52" hits="1" branch="true" condition-coverage="100% (2/2)"/>
						<line number="53" hits="1"/>
						<line number="54" hits="1" branch="true" condition-coverage="100% (2/2)"/>
						<line number="55" hits="1"/>
						<line number="57" hits="1"/>
						<line number="58" hits="1"/>
						<line number="59" hits="1"/>
						<line number="62" hits="1"/>
						<line number="72" hits="1"/>
						<line number="73" hits="1"/>
						<line number="74" hits="1" branch="true" condition-coverage="100% (2/2)"/>
						<line number="75" hits="1"/>
						<line number="76" hits="1"/>
						<line number="79" hits="1"/>
						<line number="88" hits="1"/>
						<line number="89" hits="1"/>
						<line number="90" hits="1"/>
						<line number="91" hits="1"/>
						<line number="94" hits="1" branch="true" condition-coverage="50% (1/2)" missing-branches="95"/>
						<line number="95" hits="0"/>
					</lines>
				</class>
			</classes>
		</package>
		<package name="gendiff.tests" line-rate="1" branch-rate="1" complexity="0">
			<classes>
				<class name="__init__.py" filename="gendiff/tests/__init__.py" complexity="0" line-rate="1" branch-rate="1">
					<methods/>
					<lines>
						<line number="3" hits="1"/>
					</lines>
				</class>
				<class name="test_gendiff.py" filename="gendiff/tests/test_gendiff.py" complexity="0" line-rate="1" branch-rate="1">
					<methods/>
					<lines>
						<line number="3" hits="1"/>
						<line number="9" hits="1"/>
						<line number="10" hits="1"/>
						<line number="11" hits="1"/>
						<line number="14" hits="1"/>
						<line number="16" hits="1"/>
						<line number="19" hits="1"/>
						<line number="21" hits="1"/>
						<line number="26" hits="1"/>
						<line number="31" hits="1"/>
						<line number="37" hits="1"/>
						<line number="40" hits="1"/>
						<line number="42" hits="1"/>
						<line number="43" hits="1"/>
					</lines>
				</class>
			</classes>
		</package>
	</packages>
</coverage>
